[debug] [2024-05-18T04:43:29.846Z] ----------------------------------------------------------------------
[debug] [2024-05-18T04:43:29.849Z] Command:       C:\Program Files\nodejs\node.exe C:\Users\vl206\AppData\Roaming\npm\node_modules\firebase-tools\lib\bin\firebase.js init
[debug] [2024-05-18T04:43:29.849Z] CLI Version:   13.9.0
[debug] [2024-05-18T04:43:29.850Z] Platform:      win32
[debug] [2024-05-18T04:43:29.850Z] Node Version:  v20.11.1
[debug] [2024-05-18T04:43:29.850Z] Time:          Fri May 17 2024 21:43:29 GMT-0700 (Pacific Daylight Time)
[debug] [2024-05-18T04:43:29.850Z] ----------------------------------------------------------------------
[debug] 
[debug] [2024-05-18T04:43:29.918Z] > command requires scopes: ["email","openid","https://www.googleapis.com/auth/cloudplatformprojects.readonly","https://www.googleapis.com/auth/firebase","https://www.googleapis.com/auth/cloud-platform"]
[debug] [2024-05-18T04:43:29.918Z] > authorizing via signed-in user (zli2003@uw.edu)
[info] 
     ######## #### ########  ######## ########     ###     ######  ########
     ##        ##  ##     ## ##       ##     ##  ##   ##  ##       ##
     ######    ##  ########  ######   ########  #########  ######  ######
     ##        ##  ##    ##  ##       ##     ## ##     ##       ## ##
     ##       #### ##     ## ######## ########  ##     ##  ######  ########

You're about to initialize a Firebase project in this directory:

  C:\Homeworks\UW2024Spring\INFO340\project-Elsasc

Before we get started, keep in mind:

  * You are currently outside your home directory
  * You are initializing within an existing Firebase project directory

